[04:01] TOP
[04:01] TOP
[04:01] TOP
[04:01] TOP
[04:01] TOP
[04:01] TOP
[04:05] TOP
[04:05] TOP
[04:05] TOP
[04:05] TOP
[04:05] TOP
[04:05] TOP
[04:11] TOP
[04:11] TOP
[04:11] TOP
[04:11] TOP
[04:11] TOP
[04:11] TOP
[04:17] TOP
[04:17] TOP
[04:17] TOP
[04:17] TOP
[04:17] TOP
[04:17] TOP
[04:17] TOP
[04:17] TOP
[04:17] TOP
[04:17] TOP
[04:17] TOP
[04:17] TOP
[04:19] TOP
[04:19] TOP
[04:19] TOP
[04:19] TOP
[04:19] TOP
[04:19] TOP
[04:21] TOP
[04:21] TOP
[04:21] TOP
[04:45] R[12.875001559612476]
[04:45] TOP
[05:37] R[192.87500155961249]
[05:37] TOP
[05:37] R[192.87500155961249]
[05:37] TOP
[05:37] R[192.87500155961249]
[05:37] TOP
[05:37] R[192.87500155961249]
[05:37] TOP
[05:37] R[192.87500155961249]
[05:37] TOP
[05:37] R[192.87500155961249]
[05:37] TOP
[05:42] R[192.87500155961249]
[05:42] TOP
[05:42] R[192.87500155961249]
[05:42] TOP
[05:42] R[192.87500155961249]
[05:42] TOP
[05:42] R[192.87500155961249]
[05:42] TOP
[05:42] R[192.87500155961249]
[05:42] TOP
[05:42] R[192.87500155961249]
[05:42] TOP
[05:43] R[192.87500155961249]
[05:43] TOP
[05:43] R[192.87500155961249]
[05:43] TOP
[05:43] R[192.87500155961249]
[05:43] TOP
[05:43] R[192.87500155961249]
[05:43] TOP
[05:43] R[192.87500155961249]
[05:43] TOP
[05:43] R[192.87500155961249]
[05:43] TOP
[05:44] R[192.87500155961249]
[05:44] TOP
[05:44] R[192.87500155961249]
[05:44] TOP
[06:48] R[(192.87500155961249, 3.366303822004436)]
[06:48] TOP
[06:48] R[(192.87500155961249, 3.366303822004436)]
[06:48] TOP
[06:48] R[(192.87500155961249, 3.366303822004436)]
[06:48] TOP
[06:48] R[(192.87500155961249, 3.366303822004436)]
[06:48] TOP
[06:48] R[(192.87500155961249, 3.366303822004436)]
[06:48] TOP
[06:48] R[(192.87500155961249, 3.366303822004436)]
[06:48] TOP
[06:54] R[(192.87500155961249, 3.366303822004436)]
[06:54] TOP
[06:54] R[(192.87500155961249, 3.366303822004436)]
[06:54] TOP
[07:57] 0.22857142857142856
[07:57] 0.22471116841464267
[07:57] R[(192.87500155961249, 3.366303822004436)]
[07:57] TOP
[07:57] R[(192.87500155961249, 3.366303822004436)]
[07:57] TOP
[07:57] R[(192.87500155961249, 3.366303822004436)]
[07:57] TOP
[07:57] R[(192.87500155961249, 3.366303822004436)]
[07:57] TOP
[07:57] R[(192.87500155961249, 3.366303822004436)]
[07:57] TOP
[07:57] R[(192.87500155961249, 3.366303822004436)]
[07:57] TOP
[07:57] R[(192.87500155961249, 3.366303822004436)]
[07:57] TOP
[08:53] 0.22857142857142856
[08:53] 0.22471116841464267
[08:53] R[(102.87500155961247, 1.7955074952095393)]
[08:53] TOP
[08:53] R[(102.87500155961247, 1.7955074952095393)]
[08:53] TOP
[08:53] R[(102.87500155961247, 1.7955074952095393)]
[08:53] TOP
[08:53] R[(102.87500155961247, 1.7955074952095393)]
[08:53] TOP
[08:53] R[(102.87500155961247, 1.7955074952095393)]
[08:53] TOP
[08:53] R[(102.87500155961247, 1.7955074952095393)]
[08:53] TOP
[11:10] 0.22857142857142856
[11:10] 0.22471116841464267
[11:10] R[(12.875001559612476, 0.22471116841464267)]
[11:10] TOP
[11:10] R[(12.875001559612476, 0.22471116841464267)]
[11:10] TOP
[11:10] R[(12.875001559612476, 0.22471116841464267)]
[11:10] TOP
[11:10] R[(12.875001559612476, 0.22471116841464267)]
[11:10] TOP
[11:10] R[(12.875001559612476, 0.22471116841464267)]
[11:10] TOP
[11:10] R[(12.875001559612476, 0.22471116841464267)]
[11:10] TOP
[11:13] R[(12.875001559612476, 0.22471116841464267)]
[11:13] TOP
[11:13] R[(12.875001559612476, 0.22471116841464267)]
[11:13] TOP
[11:13] R[(12.875001559612476, 0.22471116841464267)]
[11:13] TOP
[11:13] R[(12.875001559612476, 0.22471116841464267)]
[11:13] TOP
[11:13] R[(12.875001559612476, 0.22471116841464267)]
[11:13] TOP
[11:13] R[(12.875001559612476, 0.22471116841464267)]
[11:13] TOP
[11:16] R[(12.875001559612476, 0.22471116841464267)]
[11:16] TOP
[11:16] R[(12.875001559612476, 0.22471116841464267)]
[11:16] TOP
[11:16] R[(12.875001559612476, 0.22471116841464267)]
[11:16] TOP
[11:16] R[(12.875001559612476, 0.22471116841464267)]
[11:16] TOP
[11:16] R[(12.875001559612476, 0.22471116841464267)]
[11:16] TOP
[11:16] R[(12.875001559612476, 0.22471116841464267)]
[11:16] TOP
[11:20] R[(12.875001559612476, 0.22471116841464267)]
[11:20] TOP
[11:20] R[(12.875001559612476, 0.22471116841464267)]
[11:20] TOP
[11:20] R[(12.875001559612476, 0.22471116841464267)]
[11:20] TOP
[11:20] R[(12.875001559612476, 0.22471116841464267)]
[11:20] TOP
[11:20] R[(12.875001559612476, 0.22471116841464267)]
[11:20] TOP
[11:20] R[(12.875001559612476, 0.22471116841464267)]
[11:20] TOP
[11:22] R[(12.875001559612476, 0.22471116841464267)]
[11:22] TOP
[11:22] R[(12.875001559612476, 0.22471116841464267)]
[11:22] TOP
[11:22] R[(12.875001559612476, 0.22471116841464267)]
[11:22] TOP
[11:22] R[(12.875001559612476, 0.22471116841464267)]
[11:22] TOP
[11:22] R[(12.875001559612476, 0.22471116841464267)]
[11:22] TOP
[11:23] R[(12.875001559612476, 0.22471116841464267)]
[11:23] TOP
[11:23] R[(12.875001559612476, 0.22471116841464267)]
[11:23] TOP
[11:23] R[(12.875001559612476, 0.22471116841464267)]
[11:23] TOP
[11:23] R[(12.875001559612476, 0.22471116841464267)]
[11:23] TOP
[11:23] R[(12.875001559612476, 0.22471116841464267)]
[11:23] TOP
[11:23] R[(12.875001559612476, 0.22471116841464267)]
[11:23] TOP
[11:23] R[(12.875001559612476, 0.22471116841464267)]
[11:23] TOP
[11:23] R[(12.875001559612476, 0.22471116841464267)]
[11:23] TOP
[11:26] R[(12.875001559612476, 0.22471116841464267)]
[11:26] TOP
[11:26] R[(12.875001559612476, 0.22471116841464267)]
[11:26] TOP
[11:28] R[(12.875001559612476, 0.22471116841464267)]
[11:28] TOP
[11:28] R[(12.875001559612476, 0.22471116841464267)]
[11:28] TOP
[11:28] R[(12.875001559612476, 0.22471116841464267)]
[11:28] TOP
[11:28] R[(12.875001559612476, 0.22471116841464267)]
[11:28] TOP
[11:28] R[(12.875001559612476, 0.22471116841464267)]
[11:28] TOP
[11:28] R[(12.875001559612476, 0.22471116841464267)]
[11:28] TOP
[11:28] R[(12.875001559612476, 0.22471116841464267)]
[11:28] TOP
[11:28] R[(12.875001559612476, 0.22471116841464267)]
[11:28] TOP
[11:28] R[(12.875001559612476, 0.22471116841464267)]
[11:28] TOP
[11:28] R[(12.875001559612476, 0.22471116841464267)]
[11:28] TOP
[11:29] R[(12.875001559612476, 0.22471116841464267)]
[11:29] TOP
[11:29] R[(12.875001559612476, 0.22471116841464267)]
[11:29] TOP
[11:29] R[(12.875001559612476, 0.22471116841464267)]
[11:29] TOP
[11:29] R[(12.875001559612476, 0.22471116841464267)]
[11:29] TOP
[11:29] R[(12.875001559612476, 0.22471116841464267)]
[11:29] TOP
[11:29] R[(12.875001559612476, 0.22471116841464267)]
[11:29] TOP
[11:31] R[(12.875001559612476, 0.22471116841464267)]
[11:31] TOP
[11:31] R[(12.875001559612476, 0.22471116841464267)]
[11:31] TOP
[11:32] R[(12.875001559612476, 0.22471116841464267)]
[11:32] TOP
[11:33] R[(12.875001559612476, 0.22471116841464267)]
[11:33] TOP
[11:33] R[(12.875001559612476, 0.22471116841464267)]
[11:33] TOP
[11:33] R[(12.875001559612476, 0.22471116841464267)]
[11:33] TOP
[11:33] R[(12.875001559612476, 0.22471116841464267)]
[11:33] TOP
[11:35] R[(12.875001559612476, 0.22471116841464267)]
[11:35] TOP
[11:35] R[(12.875001559612476, 0.22471116841464267)]
[11:35] TOP
[11:35] R[(12.875001559612476, 0.22471116841464267)]
[11:35] TOP
[11:35] R[(12.875001559612476, 0.22471116841464267)]
[11:35] TOP
[12:49] R[(12.875001559612476, 0.22471116841464267)]
[12:49] TOP
[12:49] R[(12.875001559612476, 0.22471116841464267)]
[12:49] TOP
[12:49] R[(12.875001559612476, 0.22471116841464267)]
[12:49] TOP
[12:49] R[(12.875001559612476, 0.22471116841464267)]
[12:49] TOP
[12:49] R[(12.875001559612476, 0.22471116841464267)]
[12:49] TOP
[12:49] R[(12.875001559612476, 0.22471116841464267)]
[12:49] TOP
[12:53] R[(12.875001559612476, 0.22471116841464267)]
[12:53] TOP
[12:53] R[(12.875001559612476, 0.22471116841464267)]
[12:53] TOP
[12:53] R[(12.875001559612476, 0.22471116841464267)]
[12:53] TOP
[12:53] R[(12.875001559612476, 0.22471116841464267)]
[12:53] TOP
[12:53] R[(12.875001559612476, 0.22471116841464267)]
[12:53] TOP
[12:53] R[(12.875001559612476, 0.22471116841464267)]
[12:53] TOP
[12:53] R[(12.875001559612476, 0.22471116841464267)]
[12:53] TOP
[12:53] R[(12.875001559612476, 0.22471116841464267)]
[12:53] TOP
[12:53] R[(12.875001559612476, 0.22471116841464267)]
[12:53] TOP
[12:53] R[(12.875001559612476, 0.22471116841464267)]
[12:53] TOP
[12:55] R[(12.875001559612476, 0.22471116841464267)]
[12:55] TOP
[12:55] R[(12.875001559612476, 0.22471116841464267)]
[12:55] TOP
[12:55] R[(12.875001559612476, 0.22471116841464267)]
[12:55] TOP
[13:58] R[(12.875001559612476, 0.22471116841464267)] R[(135.0, 2.356194490192345)]
[13:58] TOP
[13:58] R[(12.875001559612476, 0.22471116841464267)] R[(129.28940686250036, 2.256525837701183)]
[13:58] TOP
[13:58] R[(12.875001559612476, 0.22471116841464267)] R[(120.25643716352927, 2.0988707752212563)]
[13:58] TOP
[13:58] R[(12.875001559612476, 0.22471116841464267)] R[(104.03624346792648, 1.8157749899217608)]
[13:58] TOP
[13:58] R[(12.875001559612476, 0.22471116841464267)] R[(81.2538377374448, 1.4181469983996315)]
[13:58] TOP
[13:58] R[(12.875001559612476, 0.22471116841464267)] R[(57.264773727892404, 0.9994588469612699)]
[13:58] TOP
[14:05] R[(12.875001559612476, 0.22471116841464267)] R[(129.8055710922652, 2.2655346029916)]
[14:05] TOP
[14:05] R[(12.875001559612476, 0.22471116841464267)] R[(124.69515353123398, 2.1763409903998667)]
[14:05] TOP
[14:05] R[(12.875001559612476, 0.22471116841464267)] R[(114.77514056883193, 2.0032041023654346)]
[14:05] TOP
[14:05] R[(12.875001559612476, 0.22471116841464267)] R[(102.09475707701212, 1.7818896600176433)]
[14:05] TOP
[14:05] R[(12.875001559612476, 0.22471116841464267)] R[(78.6900675259798, 1.373400766945016)]
[14:05] TOP
[14:05] R[(12.875001559612476, 0.22471116841464267)] R[(56.309932474020215, 0.982793723247329)]
[14:05] TOP
[14:08] R[(12.875001559612476, 0.22471116841464267)] R[(246.5014343240479, 4.3022616398431985)]
[14:08] TOP
[14:08] R[(12.875001559612476, 0.22471116841464267)] R[(247.75097634278762, 4.324070262212223)]
[14:08] TOP
[17:49] R[(12.875001559612476, 0.22471116841464267)] R[(331.18920625702697, 5.780342096251726)]
[17:49] TOP
[17:49] R[(12.875001559612476, 0.22471116841464267)] R[(333.434948822922, 5.81953769817878)]
[17:49] TOP
[17:49] R[(12.875001559612476, 0.22471116841464267)] R[(339.14554196042167, 5.919206350669942)]
[17:49] TOP
[17:49] R[(12.875001559612476, 0.22471116841464267)] R[(344.05460409907715, 6.004885648174475)]
[17:49] TOP
[17:49] R[(12.875001559612476, 0.22471116841464267)] R[(354.80557109226515, 6.192525419978841)]
[17:49] TOP
[17:49] R[(12.875001559612476, 0.22471116841464267)] R[(7.431407971172499, 0.12970253715591196)]
[17:49] TOP
[18:08] R[(12.875001559612476, 0.22471116841464267)] R[(328.57043438516155, 5.734635904729059)]
[18:08] TOP
[18:08] R[(12.875001559612476, 0.22471116841464267)] R[(330.94539590092285, 5.776086802787249)]
[18:08] TOP
[18:08] R[(12.875001559612476, 0.22471116841464267)] R[(337.16634582208246, 5.884662861513166)]
[18:08] TOP
[18:08] R[(12.875001559612476, 0.22471116841464267)] R[(342.4744316262771, 5.977306435774734)]
[18:08] TOP
[18:08] R[(12.875001559612476, 0.22471116841464267)] R[(348.6900675259798, 6.085789747329706)]
[18:08] TOP
[18:08] R[(12.875001559612476, 0.22471116841464267)] R[(0.0, 0.0)]
[18:08] TOP
[18:08] R[(12.875001559612476, 0.22471116841464267)] R[(12.804266065286754, 0.22347660114063306)]
[18:08] TOP
[19:59] R[(12.875001559612476, 0.22471116841464267)] R[(340.3461759419467, 5.940161366758883)]
[19:59] TOP
[19:59] R[(12.875001559612476, 0.22471116841464267)] R[(344.05460409907715, 6.004885648174475)]
[19:59] TOP
[19:59] R[(12.875001559612476, 0.22471116841464267)] R[(348.3106308245608, 6.0791673275870375)]
[19:59] TOP
[19:59] R[(12.875001559612476, 0.22471116841464267)] R[(356.0548137709625, 6.214328817878542)]
[19:59] TOP
[19:59] R[(12.875001559612476, 0.22471116841464267)] R[(5.710593137499633, 0.09966865249116186)]
[19:59] TOP
[20:03] R[(12.875001559612476, 0.22471116841464267)] R[(325.4914770123316, 5.6808979610446215)]
[20:03] TOP
[20:03] R[(12.875001559612476, 0.22471116841464267)] R[(327.99461679191654, 5.724585991836024)]
[20:03] TOP
[20:04] R[(12.875001559612476, 0.22471116841464267)] R[(334.79887635452496, 5.8433427243638505)]
[20:04] TOP
[20:04] R[(12.875001559612476, 0.22471116841464267)] R[(344.47588900324575, 6.012238456841166)]
[20:04] TOP
[20:04] R[(12.875001559612476, 0.22471116841464267)] R[(353.6598082540901, 6.17252808600569)]
[20:04] TOP
[20:04] R[(12.875001559612476, 0.22471116841464267)] R[(9.46232220802561, 0.1651486774146267)]
[20:04] TOP
[20:18] R[(12.875001559612476, 0.22471116841464267)] R[(22.932100437589778, 0.40024065703397405)]
[20:18] TOP
[20:18] R[(12.875001559612476, 0.22471116841464267)] R[(19.093492000485607, 0.3332443011116726)]
[20:18] TOP
[20:18] R[(12.875001559612476, 0.22471116841464267)] R[(16.504361381755015, 0.2880554470506258)]
[20:18] TOP
[20:18] R[(12.875001559612476, 0.22471116841464267)] R[(10.12467165539781, 0.1767088560700365)]
[20:18] TOP
[20:18] R[(12.875001559612476, 0.22471116841464267)] R[(4.085616779974873, 0.07130746478529026)]
[20:18] TOP
[20:18] R[(12.875001559612476, 0.22471116841464267)] R[(354.0938588862295, 6.180103698656886)]
[20:18] TOP
[20:18] R[(12.875001559612476, 0.22471116841464267)] R[(139.7636416907262, 2.439335722080786)]
[20:18] TOP
[20:18] R[(12.875001559612476, 0.22471116841464267)] R[(140.19442890773482, 2.44685437739309)]
[20:18] TOP
[20:18] R[(12.875001559612476, 0.22471116841464267)] R[(146.30993247402023, 2.5535900500422257)]
[20:18] TOP
[20:18] R[(12.875001559612476, 0.22471116841464267)] R[(155.55604521958347, 2.714965160462917)]
[20:18] TOP
[20:18] R[(12.875001559612476, 0.22471116841464267)] R[(174.80557109226518, 3.0509327663890478)]
[20:18] TOP
[20:18] R[(12.875001559612476, 0.22471116841464267)] R[(201.80140948635182, 3.522099030702158)]
[20:18] TOP
[20:19] R[(12.875001559612476, 0.22471116841464267)] R[(139.7636416907262, 2.439335722080786)]
[20:19] TOP
[20:19] R[(12.875001559612476, 0.22471116841464267)] R[(140.19442890773482, 2.44685437739309)]
[20:19] TOP
[20:19] R[(12.875001559612476, 0.22471116841464267)] R[(143.9726266148964, 2.51279636717436)]
[20:19] TOP
[20:19] R[(12.875001559612476, 0.22471116841464267)] R[(147.99461679191648, 2.5829933382462307)]
[20:19] TOP
[20:19] R[(12.875001559612476, 0.22471116841464267)] R[(168.69006752597983, 2.9441970937399127)]
[20:19] TOP
[20:19] R[(12.875001559612476, 0.22471116841464267)] R[(258.6900675259798, 4.514993420534809)]
[20:19] TOP
[20:21] R[(12.875001559612476, 0.22471116841464267)] R[(48.81407483429035, 0.851966327173272)]
[20:21] TOP
[20:21] R[(12.875001559612476, 0.22471116841464267)] R[(52.125016348901795, 0.9097531579442096)]
[20:21] TOP
[20:24] R[(12.875001559612476, 0.22471116841464267)] R[(132.27368900609375, 2.3086113869153615)]
[20:24] TOP
[22:36] R[(12.875001559612476, 0.22471116841464267)] 5.920641069915079
[22:36] TOP
[22:36] R[(12.875001559612476, 0.22471116841464267)] 5.9917285127017195
[22:36] TOP
[22:36] R[(12.875001559612476, 0.22471116841464267)] 6.061103405274106
[22:36] TOP
[22:36] R[(12.875001559612476, 0.22471116841464267)] 6.1588303126328245
[22:36] TOP
[22:36] R[(12.875001559612476, 0.22471116841464267)] 0.03123983343026815
[22:36] TOP
[22:36] R[(12.875001559612476, 0.22471116841464267)] 0.244978663126864
[22:36] TOP
[22:36] R[(12.875001559612476, 0.22471116841464267)] 5.961434752782944
[22:36] TOP
[22:36] R[(12.875001559612476, 0.22471116841464267)] 6.000630354709998
[22:36] TOP
[22:36] R[(12.875001559612476, 0.22471116841464267)] 6.067827607481848
[22:36] TOP
[22:36] R[(12.875001559612476, 0.22471116841464267)] 6.162561638599484
[22:36] TOP
[22:36] R[(12.875001559612476, 0.22471116841464267)] 0.030293759918775143
[22:36] TOP
[22:36] R[(12.875001559612476, 0.22471116841464267)] 0.20902294280626466
[22:36] TOP
[22:37] R[(12.875001559612476, 0.22471116841464267)] 5.695182703632019
[22:37] TOP
[22:37] R[(12.875001559612476, 0.22471116841464267)] 5.742765806909002
[22:37] TOP
[22:37] R[(12.875001559612476, 0.22471116841464267)] 5.870774865582199
[22:37] TOP
[22:37] R[(12.875001559612476, 0.22471116841464267)] 6.038206644052722
[22:37] TOP
[22:37] R[(12.875001559612476, 0.22471116841464267)] 0.05875582271572255
[22:37] TOP
[22:37] R[(12.875001559612476, 0.22471116841464267)] 0.3708912888126623
[22:37] TOP
[22:39] R[(12.875001559612476, 0.22471116841464267)] 5.62748968093805
[22:39] TOP
[22:39] R[(12.875001559612476, 0.22471116841464267)] 5.639684198386302
[22:39] TOP
[22:39] R[(12.875001559612476, 0.22471116841464267)] 5.789243938260006
[22:39] TOP
[22:39] R[(12.875001559612476, 0.22471116841464267)] 5.984686375593407
[22:39] TOP
[22:39] R[(12.875001559612476, 0.22471116841464267)] 0.07130746478529026
[22:39] TOP
[22:39] R[(12.875001559612476, 0.22471116841464267)] 0.46364760900080615
[22:39] TOP
[22:40] R[(12.875001559612476, 0.22471116841464267)] 3.5517199941312843
[22:40] TOP
[22:40] R[(12.875001559612476, 0.22471116841464267)] 3.5299113717622594
[22:40] TOP
[22:40] R[(12.875001559612476, 0.22471116841464267)] 3.5464844398748765
[22:40] TOP
[22:43] R[(12.875001559612476, 0.22471116841464267)] 6.075689080744383
[22:43] TOP
[22:43] R[(12.875001559612476, 0.22471116841464267)] 6.096206037260675
[22:43] TOP
[22:45] R[(12.875001559612476, 0.22471116841464267)] 3.1941757152007346
[22:45] TOP
[22:45] R[(12.875001559612476, 0.22471116841464267)] 3.141592653589793
[22:45] TOP
[22:45] R[(12.875001559612476, 0.22471116841464267)] 3.0072712116368248
[22:45] TOP
[22:47] R[(12.875001559612476, 0.22471116841464267)] 3.4276440953071114
[22:47] TOP
[22:47] R[(12.875001559612476, 0.22471116841464267)] 3.4358272187009806
[22:47] TOP
[22:50] R[(12.875001559612476, 0.22471116841464267)] 5.387129922608242
[22:50] TOP
[22:50] R[(12.875001559612476, 0.22471116841464267)] 5.497787143782138
[22:50] TOP
[22:50] R[(12.875001559612476, 0.22471116841464267)] 5.622142138328899
[22:50] TOP
[22:50] R[(12.875001559612476, 0.22471116841464267)] 5.902678930067221
[22:50] TOP
[22:50] R[(12.875001559612476, 0.22471116841464267)] 0.0
[22:50] TOP
[22:50] R[(12.875001559612476, 0.22471116841464267)] 0.5667292175235064
[22:50] TOP
[24:06] R[(12.875001559612476, 0.22471116841464267)] 4.892242480177168
[24:06] 4.892242480177168 0.22471116841464267 4.892242480177168 -0.22471116841464267
[24:06] TOP
[24:06] R[(12.875001559612476, 0.22471116841464267)] 5.034139534781332
[24:06] 5.034139534781332 0.22471116841464267 5.034139534781332 -0.22471116841464267
[24:06] TOP
[24:06] R[(12.875001559612476, 0.22471116841464267)] 5.117280766669773
[24:06] 5.117280766669773 0.22471116841464267 5.117280766669773 -0.22471116841464267
[24:06] TOP
[24:06] R[(12.875001559612476, 0.22471116841464267)] 5.639684198386302
[24:06] 5.639684198386302 0.22471116841464267 5.639684198386302 -0.22471116841464267
[24:06] TOP
[24:06] R[(12.875001559612476, 0.22471116841464267)] 0.3805063771123649
[24:06] 0.3805063771123649 0.22471116841464267 0.3805063771123649 -0.22471116841464267
[24:06] TOP
[24:06] R[(12.875001559612476, 0.22471116841464267)] 0.982793723247329
[24:06] 0.982793723247329 0.22471116841464267 0.982793723247329 -0.22471116841464267
[24:06] TOP
[24:09] R[(12.875001559612476, 0.22471116841464267)] 3.9269908169872414
[24:09] 3.9269908169872414 0.22471116841464267 3.9269908169872414 -0.22471116841464267
[24:09] TOP
[24:09] R[(12.875001559612476, 0.22471116841464267)] 3.8682349942715186
[24:09] 3.8682349942715186 0.22471116841464267 3.8682349942715186 -0.22471116841464267
[24:09] TOP
[24:09] R[(12.875001559612476, 0.22471116841464267)] 3.9269908169872414
[24:09] 3.9269908169872414 0.22471116841464267 3.9269908169872414 -0.22471116841464267
[24:09] TOP
[24:09] R[(12.875001559612476, 0.22471116841464267)] 4.145659762861183
[24:09] 4.145659762861183 0.22471116841464267 4.145659762861183 -0.22471116841464267
[24:09] TOP
[24:10] R[(12.875001559612476, 0.22471116841464267)] 0.10768987083282067
[24:10] 0.10768987083282067 0.22471116841464267 0.10768987083282067 -0.22471116841464267
[24:10] TOP
[24:10] R[(12.875001559612476, 0.22471116841464267)] 0.13800602365751935
[24:10] 0.13800602365751935 0.22471116841464267 0.13800602365751935 -0.22471116841464267
[24:10] TOP
[24:10] R[(12.875001559612476, 0.22471116841464267)] 0.244978663126864
[24:10] 0.244978663126864 0.22471116841464267 0.244978663126864 -0.22471116841464267
[24:10] TOP
[25:52] R[(12.875001559612476, 0.22471116841464267)] 5.758389535529479
[25:52] 5.758389535529479 0.22471116841464267 5.758389535529479 -0.22471116841464267
[25:52] False True
[25:52] TOP
[25:52] R[(12.875001559612476, 0.22471116841464267)] 5.81953769817878
[25:52] 5.81953769817878 0.22471116841464267 5.81953769817878 -0.22471116841464267
[25:52] False True
[25:52] TOP
[25:52] R[(12.875001559612476, 0.22471116841464267)] 5.902678930067221
[25:52] 5.902678930067221 0.22471116841464267 5.902678930067221 -0.22471116841464267
[25:52] False True
[25:52] TOP
[25:52] R[(12.875001559612476, 0.22471116841464267)] 6.004885648174475
[25:52] 6.004885648174475 0.22471116841464267 6.004885648174475 -0.22471116841464267
[25:52] False True
[25:52] TOP
[25:52] R[(12.875001559612476, 0.22471116841464267)] 6.141288252575422
[25:52] 6.141288252575422 0.22471116841464267 6.141288252575422 -0.22471116841464267
[25:52] False True
[25:52] TOP
[25:52] R[(12.875001559612476, 0.22471116841464267)] 0.09065988720074514
[25:52] 0.09065988720074514 0.22471116841464267 0.09065988720074514 -0.22471116841464267
[25:52] True True
[25:52] TOP
[25:52] R[(12.875001559612476, 0.22471116841464267)] 0.3487710035839069
[25:52] 0.3487710035839069 0.22471116841464267 0.3487710035839069 -0.22471116841464267
[25:52] False True
[25:52] TOP
[27:17] R[(12.875001559612476, 0.22471116841464267)] 5.650436472177403
[27:17] 5.650436472177403 0.22471116841464267 5.650436472177403 -0.22471116841464267
[27:17] False True
[27:17] RIGHT
[27:23] R[(12.875001559612476, 0.22471116841464267)] 3.249282524422614
[27:23] 3.249282524422614 0.22471116841464267 3.249282524422614 -0.22471116841464267
[27:23] False True
[27:23] BOT
[27:23] R[(12.875001559612476, 0.22471116841464267)] 3.220376614578937
[27:23] 3.220376614578937 0.22471116841464267 3.220376614578937 -0.22471116841464267
[27:23] False True
[27:23] BOT
[27:25] R[(12.875001559612476, 0.22471116841464267)] 0.2639637236257044
[27:25] 0.2639637236257044 0.22471116841464267 0.2639637236257044 -0.22471116841464267
[27:25] False True
[27:25] LEFT
[27:27] R[(12.875001559612476, 0.22471116841464267)] 6.025861592208497
[27:27] 6.025861592208497 0.22471116841464267 6.025861592208497 -0.22471116841464267
[27:27] False True
[27:27] RIGHT
[27:29] R[(12.875001559612476, 0.22471116841464267)] 0.026309717252922082
[27:29] 0.026309717252922082 0.22471116841464267 0.026309717252922082 -0.22471116841464267
[27:29] True True
[27:29] TOP
[27:29] R[(12.875001559612476, 0.22471116841464267)] 0.08090409915523056
[27:29] 0.08090409915523056 0.22471116841464267 0.08090409915523056 -0.22471116841464267
[27:29] True True
[27:29] TOP
[37:21] 0.22471116841464267
[37:21] 0.22471116841464267
[37:21] 0.22471116841464267
[37:21] 0.22471116841464267
[37:21] 0.22471116841464267
[37:21] 0.22471116841464267
[37:21] 0.22471116841464267
[37:21] 0.22471116841464267
[37:21] 0.22471116841464267
[37:21] 0.22471116841464267
[37:21] 0.22471116841464267
[37:21] 0.22471116841464267
[37:21] 0.22471116841464267
[37:21] 0.22471116841464267
[37:21] 0.22471116841464267
[37:21] 0.22471116841464267
[37:21] 0.22471116841464267
[37:21] 0.22471116841464267
[37:21] 0.22471116841464267
[37:21] 0.22471116841464267
[37:21] 0.22471116841464267
[37:21] 0.22471116841464267
[37:21] 0.22471116841464267
[37:21] 0.22471116841464267
[37:21] 0.22471116841464267
[37:21] 0.22471116841464267
[37:21] 0.22471116841464267
[37:21] 0.22471116841464267
[37:21] 0.22471116841464267
[37:21] 0.22471116841464267
[37:21] 0.22471116841464267
[37:21] 0.22471116841464267
[37:21] 0.22471116841464267
[37:21] 0.22471116841464267
[37:21] 0.22471116841464267
[37:21] 0.22471116841464267
[37:21] 0.22471116841464267
[37:21] 0.22471116841464267
[37:21] 0.22471116841464267
[37:21] 0.22471116841464267
[37:21] 0.22471116841464267
[37:21] 0.22471116841464267
[37:21] 0.22471116841464267
[37:21] 0.22471116841464267
[37:21] 0.22471116841464267
[37:21] 0.22471116841464267
[37:21] 0.22471116841464267
[37:21] 0.22471116841464267
[37:21] 0.22471116841464267
[37:21] 0.22471116841464267
[37:21] 0.22471116841464267
[37:21] 0.22471116841464267
[37:21] 0.22471116841464267
[37:21] 0.22471116841464267
[37:21] 0.22471116841464267
[37:21] 0.22471116841464267
[37:21] 0.22471116841464267
[37:21] 0.22471116841464267
[37:21] 0.22471116841464267
[37:21] 0.22471116841464267
[37:21] 0.22471116841464267
[37:21] 0.22471116841464267
[37:21] 0.22471116841464267
[37:21] 0.22471116841464267
[37:21] 0.22471116841464267
[37:21] 0.22471116841464267
[37:21] 0.22471116841464267
[37:21] 0.22471116841464267
[37:21] 0.22471116841464267
[37:21] 0.22471116841464267
[37:21] 0.22471116841464267
[37:21] 0.22471116841464267
[37:21] 0.22471116841464267
[37:21] 0.22471116841464267
[37:21] 0.22471116841464267
[37:21] 0.22471116841464267
[37:21] 0.22471116841464267
[37:21] 0.22471116841464267
[37:21] 0.22471116841464267
[37:21] 0.22471116841464267
[37:21] 0.22471116841464267
[37:21] 0.22471116841464267
[37:21] 0.22471116841464267
[37:21] 0.22471116841464267
[37:21] 0.22471116841464267
[37:21] 0.22471116841464267
[37:21] 0.22471116841464267
[37:21] 0.22471116841464267
[37:21] 0.22471116841464267
[37:21] 0.22471116841464267
[37:21] 0.22471116841464267
[37:21] 0.22471116841464267
[37:21] 0.22471116841464267
[37:21] 0.22471116841464267
[37:21] 0.22471116841464267
[37:21] 0.22471116841464267
[37:21] 0.22471116841464267
[37:21] 0.22471116841464267
[37:21] 0.22471116841464267
[37:21] 0.22471116841464267
[37:21] 0.22471116841464267
[37:21] 0.22471116841464267
[37:21] 0.22471116841464267
[37:21] 0.22471116841464267
[37:21] 0.22471116841464267
[37:21] 0.22471116841464267
[37:21] 0.22471116841464267
[37:21] 0.22471116841464267
[37:21] 0.22471116841464267
[37:21] 0.22471116841464267
[37:21] 0.22471116841464267
[37:21] 0.22471116841464267
[37:21] 0.22471116841464267
[37:21] 0.22471116841464267
[37:21] 0.22471116841464267
[37:21] 0.22471116841464267
[37:21] 0.22471116841464267
[37:21] 0.22471116841464267
[37:21] 0.22471116841464267
[37:21] 0.22471116841464267
[37:21] 0.22471116841464267
[37:21] 0.22471116841464267
[37:21] 0.22471116841464267
[37:21] 0.22471116841464267
[37:21] 0.22471116841464267
[37:21] 0.22471116841464267
[37:21] 0.22471116841464267
[37:21] 0.22471116841464267
[37:21] 0.22471116841464267
[37:21] 0.22471116841464267
[37:21] 0.22471116841464267
[37:21] 0.22471116841464267
[37:21] 0.22471116841464267
[37:21] 0.22471116841464267
[37:21] 0.22471116841464267
[37:21] 0.22471116841464267
[37:21] 0.22471116841464267
[37:21] 0.22471116841464267
[37:21] 0.22471116841464267
[37:21] 0.22471116841464267
[37:21] 0.22471116841464267
[37:21] 0.22471116841464267
[37:21] 0.22471116841464267
[37:21] 0.22471116841464267
[37:21] 0.22471116841464267
[37:21] 0.22471116841464267
[37:21] 0.22471116841464267
[37:21] 0.22471116841464267
[37:21] 0.22471116841464267
[37:21] 0.22471116841464267
[37:21] 0.22471116841464267
[37:21] 0.22471116841464267
[37:21] 0.22471116841464267
[37:21] 0.22471116841464267
[37:21] 0.22471116841464267
[37:21] 0.22471116841464267
[37:21] 0.22471116841464267
[37:21] 0.22471116841464267
[37:21] 0.22471116841464267
[37:21] 0.22471116841464267
[37:21] 0.22471116841464267
[37:21] 0.22471116841464267
[37:21] 0.22471116841464267
[37:21] 0.22471116841464267
[37:21] 0.22471116841464267
[37:21] 0.22471116841464267
[37:21] 0.22471116841464267
[37:21] 0.22471116841464267
[37:21] 0.22471116841464267
[37:21] 0.22471116841464267
[37:21] 0.22471116841464267
[37:21] 0.22471116841464267
[37:21] 0.22471116841464267
[37:21] 0.22471116841464267
[37:21] 0.22471116841464267
[37:21] 0.22471116841464267
[37:21] 0.22471116841464267
[37:21] 0.22471116841464267
[37:21] 0.22471116841464267
[37:21] 0.22471116841464267
[37:21] 0.22471116841464267
[37:21] 0.22471116841464267
[37:21] 0.22471116841464267
[37:21] 0.22471116841464267
[37:21] 0.22471116841464267
[37:21] 0.22471116841464267
[37:21] 0.22471116841464267
[37:21] 0.22471116841464267
[37:21] 0.22471116841464267
[37:21] 0.22471116841464267
[37:21] 0.22471116841464267
[37:21] 0.22471116841464267
[37:21] 0.22471116841464267
[37:21] 0.22471116841464267
[37:21] 0.22471116841464267
[37:21] 0.22471116841464267
[37:21] 0.22471116841464267
[37:21] 0.22471116841464267
[37:21] 0.22471116841464267
[37:21] 0.22471116841464267
[37:21] 0.22471116841464267
[37:21] 0.22471116841464267
[37:21] 0.22471116841464267
[37:21] 0.22471116841464267
[37:21] 0.22471116841464267
[37:21] 0.22471116841464267
[37:21] 0.22471116841464267
[37:21] 0.22471116841464267
[37:21] 0.22471116841464267
[37:21] 0.22471116841464267
[37:21] 0.22471116841464267
[37:21] 0.22471116841464267
[37:21] 0.22471116841464267
[37:21] 0.22471116841464267
[37:21] 0.22471116841464267
[37:21] 0.22471116841464267
[37:21] 0.22471116841464267
[37:21] 0.22471116841464267
[37:21] 0.22471116841464267
[37:21] 0.22471116841464267
[37:21] 0.22471116841464267
[37:21] 0.22471116841464267
[37:21] 0.22471116841464267
[37:21] 0.22471116841464267
[37:21] 0.22471116841464267
[37:21] 0.22471116841464267
[37:21] 0.22471116841464267
[37:21] 0.22471116841464267
[37:21] 0.22471116841464267
[37:21] 0.22471116841464267
[37:21] 0.22471116841464267
[37:21] 0.22471116841464267
[37:21] 0.22471116841464267
[37:21] 0.22471116841464267
[37:21] 0.22471116841464267
[37:21] 0.22471116841464267
[37:21] 0.22471116841464267
[37:21] 0.22471116841464267
[37:21] 0.22471116841464267
[37:21] 0.22471116841464267
[37:21] 0.22471116841464267
[37:21] 0.22471116841464267
[37:21] 0.22471116841464267
[37:21] 0.22471116841464267
[37:21] 0.22471116841464267
[37:21] 0.22471116841464267
[37:21] 0.22471116841464267
[37:21] 0.22471116841464267
[37:21] 0.22471116841464267
[37:21] 0.22471116841464267
[37:21] 0.22471116841464267
[37:21] 0.22471116841464267
[37:21] 0.22471116841464267
[37:21] 0.22471116841464267
[37:21] 0.22471116841464267
[37:21] 0.22471116841464267
[37:21] 0.22471116841464267
[37:21] 0.22471116841464267
[37:21] 0.22471116841464267
[37:21] 0.22471116841464267
[37:21] 0.22471116841464267
[37:21] 0.22471116841464267
[37:21] 0.22471116841464267
[37:21] 0.22471116841464267
[37:21] 0.22471116841464267
[37:21] 0.22471116841464267
[37:21] 0.22471116841464267
[37:21] 0.22471116841464267
[37:21] 0.22471116841464267
[37:21] 0.22471116841464267
[37:21] 0.22471116841464267
[37:21] 0.22471116841464267
[37:21] 0.22471116841464267
[37:22] 0.22471116841464267
[37:22] 0.22471116841464267
[37:22] 0.22471116841464267
[37:22] 0.22471116841464267
[37:22] 0.22471116841464267
[37:22] 0.22471116841464267
[37:22] 0.22471116841464267
[37:22] 0.22471116841464267
[37:22] 0.22471116841464267
[37:22] 0.22471116841464267
[37:22] 0.22471116841464267
[37:22] 0.22471116841464267
[37:22] 0.22471116841464267
[37:22] 0.22471116841464267
[37:22] 0.22471116841464267
[37:22] 0.22471116841464267
[37:22] 0.22471116841464267
[37:22] 0.22471116841464267
[37:22] 0.22471116841464267
[37:22] 0.22471116841464267
[37:22] 0.22471116841464267
[37:22] 0.22471116841464267
[37:22] 0.22471116841464267
[37:22] 0.22471116841464267
[37:22] 0.22471116841464267
[37:22] 0.22471116841464267
[37:22] 0.22471116841464267
[37:22] 0.22471116841464267
[37:22] 0.22471116841464267
[37:24] 0.22471116841464267
[37:24] 0.22471116841464267
[37:24] 0.22471116841464267
[37:24] 0.22471116841464267
[37:59] 12.875001559612476
[37:59] 12.875001559612476
[37:59] 12.875001559612476
[37:59] 12.875001559612476
[37:59] 12.875001559612476
[37:59] 12.875001559612476
[37:59] 12.875001559612476
[37:59] 12.875001559612476
[37:59] 12.875001559612476
[37:59] 12.875001559612476
[37:59] 12.875001559612476
[37:59] 12.875001559612476
[37:59] 12.875001559612476
[37:59] 12.875001559612476
[37:59] 12.875001559612476
[37:59] 12.875001559612476
[37:59] 12.875001559612476
[37:59] 12.875001559612476
[37:59] 12.875001559612476
[37:59] 12.875001559612476
[37:59] 12.875001559612476
[37:59] 12.875001559612476
[37:59] 12.875001559612476
[37:59] 12.875001559612476
[37:59] 12.875001559612476
[37:59] 12.875001559612476
[37:59] 12.875001559612476
[37:59] 12.875001559612476
[37:59] 12.875001559612476
[37:59] 12.875001559612476
[37:59] 12.875001559612476
[37:59] 12.875001559612476
[37:59] 12.875001559612476
[37:59] 12.875001559612476
[37:59] 12.875001559612476
[37:59] 12.875001559612476
[37:59] 12.875001559612476
[37:59] 12.875001559612476
[37:59] 12.875001559612476
[37:59] 12.875001559612476
[37:59] 12.875001559612476
[37:59] 12.875001559612476
[37:59] 12.875001559612476
[37:59] 12.875001559612476
[37:59] 12.875001559612476
[37:59] 12.875001559612476
[37:59] 12.875001559612476
[37:59] 12.875001559612476
[37:59] 12.875001559612476
[37:59] 12.875001559612476
[37:59] 12.875001559612476
[37:59] 12.875001559612476
[37:59] 12.875001559612476
[37:59] 12.875001559612476
[37:59] 12.875001559612476
[37:59] 12.875001559612476
[37:59] 12.875001559612476
[37:59] 12.875001559612476
[37:59] 12.875001559612476
[37:59] 12.875001559612476
[37:59] 12.875001559612476
[37:59] 12.875001559612476
[37:59] 12.875001559612476
[37:59] 12.875001559612476
[37:59] 12.875001559612476
[37:59] 12.875001559612476
[37:59] 12.875001559612476
[37:59] 12.875001559612476
[37:59] 12.875001559612476
[37:59] 12.875001559612476
[37:59] 12.875001559612476
[37:59] 12.875001559612476
[37:59] 12.875001559612476
[37:59] 12.875001559612476
[37:59] 12.875001559612476
[37:59] 12.875001559612476
[37:59] 12.875001559612476
[37:59] 12.875001559612476
[37:59] 12.875001559612476
[37:59] 12.875001559612476
[37:59] 12.875001559612476
[37:59] 12.875001559612476
[37:59] 12.875001559612476
[37:59] 12.875001559612476
[37:59] 12.875001559612476
[37:59] 12.875001559612476
[37:59] 12.875001559612476
[37:59] 12.875001559612476
[37:59] 12.875001559612476
[37:59] 12.875001559612476
[37:59] 12.875001559612476
[37:59] 12.875001559612476
[37:59] 12.875001559612476
[37:59] 12.875001559612476
[37:59] 12.875001559612476
[37:59] 12.875001559612476
[37:59] 12.875001559612476
[37:59] 12.875001559612476
[37:59] 12.875001559612476
[37:59] 12.875001559612476
[38:00] 12.875001559612476
[38:00] 12.875001559612476
[38:00] 12.875001559612476
[38:00] 12.875001559612476
[38:00] 12.875001559612476
[38:00] 12.875001559612476
[38:00] 12.875001559612476
[38:00] 12.875001559612476
[38:00] 12.875001559612476
[38:00] 12.875001559612476
[38:00] 12.875001559612476
[38:00] 12.875001559612476
[38:00] 12.875001559612476
[38:00] 12.875001559612476
[38:00] 12.875001559612476
[38:00] 12.875001559612476
[38:00] 12.875001559612476
[38:00] 12.875001559612476
[38:00] 12.875001559612476
[38:00] 12.875001559612476
[38:00] 12.875001559612476
[38:00] 12.875001559612476
[38:00] 12.875001559612476
[38:00] 12.875001559612476
[38:00] 12.875001559612476
[38:00] 12.875001559612476
[38:00] 12.875001559612476
[38:00] 12.875001559612476
[38:00] 12.875001559612476
[38:00] 12.875001559612476
[38:00] 12.875001559612476
[38:00] 12.875001559612476
[38:00] 12.875001559612476
[38:00] 12.875001559612476
[38:00] 12.875001559612476
[38:00] 12.875001559612476
[38:00] 12.875001559612476
[38:00] 12.875001559612476
[38:00] 12.875001559612476
[38:00] 12.875001559612476
[38:00] 12.875001559612476
[38:00] 12.875001559612476
[38:00] 12.875001559612476
[38:00] 12.875001559612476
[38:00] 12.875001559612476
[38:00] 12.875001559612476
[38:00] 12.875001559612476
[38:00] 12.875001559612476
[38:00] 12.875001559612476
[38:00] 12.875001559612476
[38:00] 12.875001559612476
[38:00] 12.875001559612476
[38:00] 12.875001559612476
[38:00] 12.875001559612476
[38:00] 12.875001559612476
[38:00] 12.875001559612476
